# JRE version: Java(TM) SE Runtime Environment (8.0_92-b14) (build 1.8.0_92-b14)
# Java VM: Java HotSpot(TM) Client VM (25.92-b14 mixed mode windows-x86 )
Heap:
 def new generation   total 39424K, used 2658K [0x05000000, 0x07ac0000, 0x0faa0000)
  eden space 35072K,   5% used [0x05000000, 0x051e6a58, 0x07240000)
  from space 4352K,  16% used [0x07680000, 0x07731e58, 0x07ac0000)
  to   space 4352K,   0% used [0x07240000, 0x07240000, 0x07680000)
 tenured generation   total 87424K, used 21028K [0x0faa0000, 0x15000000, 0x25000000)
   the space 87424K,  24% used [0x0faa0000, 0x10f29220, 0x10f29400, 0x15000000)
 Metaspace       used 18247K, capacity 18680K, committed 18816K, reserved 18816K
GC Heap History (10 events):
Event: 1.188 GC heap before
{Heap before GC invocations=1 (full 0):
 def new generation   total 39296K, used 39296K [0x05000000, 0x07aa0000, 0x0faa0000)
  eden space 34944K, 100% used [0x05000000, 0x07220000, 0x07220000)
  from space 4352K, 100% used [0x07660000, 0x07aa0000, 0x07aa0000)
  to   space 4352K,   0% used [0x07220000, 0x07220000, 0x07660000)
 tenured generation   total 87424K, used 2782K [0x0faa0000, 0x15000000, 0x25000000)
   the space 87424K,   3% used [0x0faa0000, 0x0fd57b60, 0x0fd57c00, 0x15000000)
 Metaspace       used 11435K, capacity 11799K, committed 11904K, reserved 12672K
Event: 1.204 GC heap after
Heap after GC invocations=2 (full 0):
 def new generation   total 39296K, used 4352K [0x05000000, 0x07aa0000, 0x0faa0000)
  eden space 34944K,   0% used [0x05000000, 0x05000000, 0x07220000)
  from space 4352K, 100% used [0x07220000, 0x07660000, 0x07660000)
  to   space 4352K,   0% used [0x07660000, 0x07660000, 0x07aa0000)
 tenured generation   total 87424K, used 8346K [0x0faa0000, 0x15000000, 0x25000000)
   the space 87424K,   9% used [0x0faa0000, 0x102c69d0, 0x102c6a00, 0x15000000)
 Metaspace       used 11435K, capacity 11799K, committed 11904K, reserved 12672K
}
Event: 1.574 GC heap before
{Heap before GC invocations=2 (full 0):
 def new generation   total 39296K, used 13702K [0x05000000, 0x07aa0000, 0x0faa0000)
  eden space 34944K,  26% used [0x05000000, 0x05921a18, 0x07220000)
  from space 4352K, 100% used [0x07220000, 0x07660000, 0x07660000)
  to   space 4352K,   0% used [0x07660000, 0x07660000, 0x07aa0000)
 tenured generation   total 87424K, used 8346K [0x0faa0000, 0x15000000, 0x25000000)
   the space 87424K,   9% used [0x0faa0000, 0x102c69d0, 0x102c6a00, 0x15000000)
 Metaspace       used 11922K, capacity 12262K, committed 12288K, reserved 12672K
Event: 1.597 GC heap after
Heap after GC invocations=3 (full 1):
 def new generation   total 39424K, used 0K [0x05000000, 0x07ac0000, 0x0faa0000)
  eden space 35072K,   0% used [0x05000000, 0x05000000, 0x07240000)
  from space 4352K,   0% used [0x07240000, 0x07240000, 0x07680000)
  to   space 4352K,   0% used [0x07680000, 0x07680000, 0x07ac0000)
 tenured generation   total 87424K, used 13766K [0x0faa0000, 0x15000000, 0x25000000)
   the space 87424K,  15% used [0x0faa0000, 0x108119d0, 0x10811a00, 0x15000000)
 Metaspace       used 11922K, capacity 12262K, committed 12288K, reserved 12672K
}
Event: 2.234 GC heap before
{Heap before GC invocations=3 (full 1):
 def new generation   total 39424K, used 35072K [0x05000000, 0x07ac0000, 0x0faa0000)
  eden space 35072K, 100% used [0x05000000, 0x07240000, 0x07240000)
  from space 4352K,   0% used [0x07240000, 0x07240000, 0x07680000)
  to   space 4352K,   0% used [0x07680000, 0x07680000, 0x07ac0000)
 tenured generation   total 87424K, used 13766K [0x0faa0000, 0x15000000, 0x25000000)
   the space 87424K,  15% used [0x0faa0000, 0x108119d0, 0x10811a00, 0x15000000)
 Metaspace       used 16965K, capacity 17374K, committed 17536K, reserved 17792K
Event: 2.245 GC heap after
Heap after GC invocations=4 (full 1):
 def new generation   total 39424K, used 4352K [0x05000000, 0x07ac0000, 0x0faa0000)
  eden space 35072K,   0% used [0x05000000, 0x05000000, 0x07240000)
  from space 4352K, 100% used [0x07680000, 0x07ac0000, 0x07ac0000)
  to   space 4352K,   0% used [0x07240000, 0x07240000, 0x07680000)
 tenured generation   total 87424K, used 15429K [0x0faa0000, 0x15000000, 0x25000000)
   the space 87424K,  17% used [0x0faa0000, 0x109b1430, 0x109b1600, 0x15000000)
 Metaspace       used 16965K, capacity 17374K, committed 17536K, reserved 17792K
}
Event: 856.961 GC heap before
{Heap before GC invocations=4 (full 1):
 def new generation   total 39424K, used 39424K [0x05000000, 0x07ac0000, 0x0faa0000)
  eden space 35072K, 100% used [0x05000000, 0x07240000, 0x07240000)
  from space 4352K, 100% used [0x07680000, 0x07ac0000, 0x07ac0000)
  to   space 4352K,   0% used [0x07240000, 0x07240000, 0x07680000)
 tenured generation   total 87424K, used 15429K [0x0faa0000, 0x15000000, 0x25000000)
   the space 87424K,  17% used [0x0faa0000, 0x109b1430, 0x109b1600, 0x15000000)
 Metaspace       used 18085K, capacity 18522K, committed 18688K, reserved 18816K
Event: 856.973 GC heap after
Heap after GC invocations=5 (full 1):
 def new generation   total 39424K, used 3994K [0x05000000, 0x07ac0000, 0x0faa0000)
  eden space 35072K,   0% used [0x05000000, 0x05000000, 0x07240000)
  from space 4352K,  91% used [0x07240000, 0x076268d0, 0x07680000)
  to   space 4352K,   0% used [0x07680000, 0x07680000, 0x07ac0000)
 tenured generation   total 87424K, used 17911K [0x0faa0000, 0x15000000, 0x25000000)
   the space 87424K,  20% used [0x0faa0000, 0x10c1dcd8, 0x10c1de00, 0x15000000)
 Metaspace       used 18085K, capacity 18522K, committed 18688K, reserved 18816K
}
Event: 2183.344 GC heap before
{Heap before GC invocations=5 (full 1):
 def new generation   total 39424K, used 39066K [0x05000000, 0x07ac0000, 0x0faa0000)
  eden space 35072K, 100% used [0x05000000, 0x07240000, 0x07240000)
  from space 4352K,  91% used [0x07240000, 0x076268d0, 0x07680000)
  to   space 4352K,   0% used [0x07680000, 0x07680000, 0x07ac0000)
 tenured generation   total 87424K, used 17911K [0x0faa0000, 0x15000000, 0x25000000)
   the space 87424K,  20% used [0x0faa0000, 0x10c1dcd8, 0x10c1de00, 0x15000000)
 Metaspace       used 18247K, capacity 18680K, committed 18816K, reserved 18816K
Event: 2183.352 GC heap after
Heap after GC invocations=6 (full 1):
 def new generation   total 39424K, used 711K [0x05000000, 0x07ac0000, 0x0faa0000)
  eden space 35072K,   0% used [0x05000000, 0x05000000, 0x07240000)
  from space 4352K,  16% used [0x07680000, 0x07731e58, 0x07ac0000)
  to   space 4352K,   0% used [0x07240000, 0x07240000, 0x07680000)
 tenured generation   total 87424K, used 21028K [0x0faa0000, 0x15000000, 0x25000000)
   the space 87424K,  24% used [0x0faa0000, 0x10f29220, 0x10f29400, 0x15000000)
 Metaspace       used 18247K, capacity 18680K, committed 18816K, reserved 18816K
}

